<?xml version="1.0" encoding="UTF-8"?>
<!-- Generated by org.testng.reporters.JUnitReportReporter -->
<testsuite skipped="0" hostname="KSP" name="findLongestWordpackage.FindLongestWordFile" tests="1" failures="0" timestamp="10 Nov 2018 22:10:11 GMT" time="0.010" errors="0">
  <testcase name="findLongestWord" time="0.010" classname="findLongestWordpackage.FindLongestWordFile"/>
</testsuite> <!-- findLongestWordpackage.FindLongestWordFile -->
